{
  "RSpec": {
    "coverage": {
      "/Users/alexmac/Documents/turing/mod_3/projects/rails_engine/app/models/merchant.rb": {
        "lines": [
          1,
          1,
          null
        ]
      },
      "/Users/alexmac/Documents/turing/mod_3/projects/rails_engine/app/models/application_record.rb": {
        "lines": [
          1,
          1,
          null
        ]
      },
      "/Users/alexmac/Documents/turing/mod_3/projects/rails_engine/app/models/customer.rb": {
        "lines": [
          1,
          null,
          null
        ]
      },
      "/Users/alexmac/Documents/turing/mod_3/projects/rails_engine/app/models/invoice_item.rb": {
        "lines": [
          1,
          null
        ]
      },
      "/Users/alexmac/Documents/turing/mod_3/projects/rails_engine/app/models/invoice.rb": {
        "lines": [
          1,
          null
        ]
      },
      "/Users/alexmac/Documents/turing/mod_3/projects/rails_engine/app/models/item.rb": {
        "lines": [
          1,
          1,
          null
        ]
      },
      "/Users/alexmac/Documents/turing/mod_3/projects/rails_engine/app/models/transaction.rb": {
        "lines": [
          1,
          null
        ]
      },
      "/Users/alexmac/Documents/turing/mod_3/projects/rails_engine/app/controllers/merchants_controller.rb": {
        "lines": [
          1,
          1,
          4,
          0,
          0,
          null,
          0,
          null,
          0,
          0,
          null,
          0,
          null,
          0,
          0,
          0,
          null,
          4,
          null,
          4,
          4,
          80,
          80,
          null,
          4,
          null,
          1,
          1,
          1,
          1,
          1,
          1,
          null,
          null
        ]
      },
      "/Users/alexmac/Documents/turing/mod_3/projects/rails_engine/app/controllers/application_controller.rb": {
        "lines": [
          1,
          null
        ]
      },
      "/Users/alexmac/Documents/turing/mod_3/projects/rails_engine/app/controllers/items_controller.rb": {
        "lines": [
          1,
          1,
          1,
          0,
          0,
          null,
          0,
          null,
          0,
          0,
          null,
          0,
          null,
          0,
          0,
          0,
          null,
          1,
          null,
          1,
          1,
          1,
          0,
          0,
          null,
          null,
          0,
          null,
          1,
          null,
          1,
          0,
          0,
          0,
          0,
          0,
          null,
          0,
          null,
          0,
          null,
          1,
          0,
          0,
          0,
          0,
          0,
          0,
          null,
          null,
          1,
          0,
          0,
          null,
          1,
          null,
          1,
          0,
          null,
          null
        ]
      },
      "/Users/alexmac/Documents/turing/mod_3/projects/rails_engine/app/mailers/application_mailer.rb": {
        "lines": [
          0,
          0,
          0,
          0
        ],
        "branches": {
        }
      },
      "/Users/alexmac/Documents/turing/mod_3/projects/rails_engine/app/jobs/application_job.rb": {
        "lines": [
          0,
          0
        ],
        "branches": {
        }
      },
      "/Users/alexmac/Documents/turing/mod_3/projects/rails_engine/app/controllers/customers_controller.rb": {
        "lines": [
          0,
          0
        ],
        "branches": {
        }
      },
      "/Users/alexmac/Documents/turing/mod_3/projects/rails_engine/app/controllers/merchants/items_controller.rb": {
        "lines": [
          0,
          0,
          0,
          0,
          0,
          0,
          0,
          0,
          0,
          0,
          0,
          0,
          0
        ],
        "branches": {
        }
      },
      "/Users/alexmac/Documents/turing/mod_3/projects/rails_engine/app/channels/application_cable/connection.rb": {
        "lines": [
          0,
          0,
          0,
          0
        ],
        "branches": {
        }
      },
      "/Users/alexmac/Documents/turing/mod_3/projects/rails_engine/app/channels/application_cable/channel.rb": {
        "lines": [
          0,
          0,
          0,
          0
        ],
        "branches": {
        }
      }
    },
    "timestamp": 1631119421
  }
}
